<?xml version="1.0" encoding="UTF-8"?>
<testng-results ignored="0" total="2" passed="2" failed="0" skipped="0">
  <reporter-output>
  </reporter-output>
  <suite started-at="2025-04-13T20:07:30 IST" name="Default suite" finished-at="2025-04-13T20:08:16 IST" duration-ms="45681">
    <groups>
    </groups>
    <test started-at="2025-04-13T20:07:30 IST" name="Default test" finished-at="2025-04-13T20:08:16 IST" duration-ms="45681">
      <class name="testrunner.Billing">
        <test-method is-config="true" signature="setup()[pri:0, instance:testrunner.Billing@17d919b6]" started-at="2025-04-13T20:07:30 IST" name="setup" finished-at="2025-04-13T20:07:45 IST" duration-ms="14630" status="PASS">
          <reporter-output>
          </reporter-output>
        </test-method> <!-- setup -->
        <test-method signature="Selection()[pri:1, instance:testrunner.Billing@17d919b6]" started-at="2025-04-13T20:07:45 IST" name="Selection" description="Sample" finished-at="2025-04-13T20:07:49 IST" duration-ms="4357" status="PASS">
          <reporter-output>
          </reporter-output>
        </test-method> <!-- Selection -->
        <test-method is-config="true" signature="tearDown()[pri:0, instance:testrunner.Billing@17d919b6]" started-at="2025-04-13T20:07:50 IST" name="tearDown" finished-at="2025-04-13T20:07:56 IST" duration-ms="6125" status="PASS">
          <reporter-output>
          </reporter-output>
        </test-method> <!-- tearDown -->
        <test-method is-config="true" signature="setup()[pri:0, instance:testrunner.Billing@17d919b6]" started-at="2025-04-13T20:07:56 IST" name="setup" finished-at="2025-04-13T20:08:06 IST" duration-ms="10090" status="PASS">
          <reporter-output>
          </reporter-output>
        </test-method> <!-- setup -->
        <test-method signature="Selection2()[pri:2, instance:testrunner.Billing@17d919b6]" started-at="2025-04-13T20:08:06 IST" name="Selection2" description="Sample2formultipleScenarioInstance" finished-at="2025-04-13T20:08:10 IST" duration-ms="4083" status="PASS">
          <reporter-output>
          </reporter-output>
        </test-method> <!-- Selection2 -->
        <test-method is-config="true" signature="tearDown()[pri:0, instance:testrunner.Billing@17d919b6]" started-at="2025-04-13T20:08:10 IST" name="tearDown" finished-at="2025-04-13T20:08:16 IST" duration-ms="6118" status="PASS">
          <reporter-output>
          </reporter-output>
        </test-method> <!-- tearDown -->
      </class> <!-- testrunner.Billing -->
    </test> <!-- Default test -->
  </suite> <!-- Default suite -->
</testng-results>
